<?xml version="1.0" encoding="UTF-8"?>
<!-- Generated by org.testng.reporters.JUnitReportReporter -->
<testsuite hostname="Sumit" failures="0" tests="1" name="onlineclass.Testng2" time="0.012" errors="0" timestamp="2023-12-30T09:54:21 IST" skipped="0">
  <testcase classname="onlineclass.Testng2" name="facebook" time="0.012"/>
</testsuite> <!-- onlineclass.Testng2 -->
