<?xml version="1.0" encoding="UTF-8"?>
<!-- Generated by org.testng.reporters.JUnitReportReporter -->
<testsuite hostname="Sumit" failures="0" tests="3" name="testNG.Test1" time="103.576" errors="0" timestamp="2023-11-04T14:28:23 IST" skipped="0">
  <testcase classname="testNG.Test1" name="zomato" time="11.382"/>
  <testcase classname="testNG.Test1" name="facebook" time="31.869"/>
  <testcase classname="testNG.Test1" name="instagram" time="60.325"/>
</testsuite> <!-- testNG.Test1 -->
