<?xml version="1.0" encoding="UTF-8"?>
<!-- Generated by org.testng.reporters.JUnitReportReporter -->
<testsuite hostname="Sumit" failures="0" tests="1" name="vtiger.BaseLoginContact" time="68.965" errors="0" timestamp="2024-01-15T10:51:32 IST" skipped="0">
  <testcase classname="vtiger.BaseLoginContact" name="contactpom" time="68.965"/>
</testsuite> <!-- vtiger.BaseLoginContact -->
