<?xml version="1.0" encoding="UTF-8"?>
<!-- Generated by org.testng.reporters.JUnitReportReporter -->
<testsuite hostname="Sumit" failures="0" tests="2" name="testNG.Annotations" time="0.018" errors="0" timestamp="2023-11-04T15:31:14 IST" skipped="0">
  <testcase classname="testNG.Annotations" name="Home1" time="0.008"/>
  <testcase classname="testNG.Annotations" name="Home" time="0.010"/>
</testsuite> <!-- testNG.Annotations -->
